<?xml version="1.0" encoding="UTF-8"?>
<!-- Generated by org.testng.reporters.JUnitReportReporter -->
<testsuite hostname="SANTOSH-PC" name="com.santosh.JenkinsMavenProj.TestClass3" tests="1" failures="0" timestamp="12 Jul 2020 14:36:14 GMT" time="0.010" errors="0">
  <testcase name="test3" time="0.010" classname="com.santosh.JenkinsMavenProj.TestClass3"/>
</testsuite> <!-- com.santosh.JenkinsMavenProj.TestClass3 -->
