<?xml version="1.0" encoding="UTF-8"?>
<!-- Generated by org.testng.reporters.JUnitReportReporter -->
<testsuite hostname="SANTOSH-PC" name="com.santosh.JenkinsMavenProj.TestClass2" tests="1" failures="0" timestamp="12 Jul 2020 14:36:14 GMT" time="0.002" errors="0">
  <testcase name="m1" time="0.002" classname="com.santosh.JenkinsMavenProj.TestClass2"/>
</testsuite> <!-- com.santosh.JenkinsMavenProj.TestClass2 -->
