<?xml version="1.0" encoding="UTF-8"?>
<!-- Generated by org.testng.reporters.JUnitReportReporter -->
<testsuite hostname="SANTOSH-PC" name="com.santosh.JenkinsMavenProj.TestClass4" tests="2" failures="0" timestamp="2 Dec 2020 11:03:23 GMT" time="56.825" errors="0">
  <testcase name="test41" time="42.369" classname="com.santosh.JenkinsMavenProj.TestClass4"/>
  <testcase name="test42" time="14.456" classname="com.santosh.JenkinsMavenProj.TestClass4"/>
</testsuite> <!-- com.santosh.JenkinsMavenProj.TestClass4 -->
