<?xml version="1.0" encoding="UTF-8"?>
<!-- Generated by org.testng.reporters.JUnitReportReporter -->
<testsuite hostname="SANTOSH-PC" name="com.santosh.JenkinsMavenProj.TestClass1" tests="1" failures="0" timestamp="12 Jul 2020 14:36:14 GMT" time="0.018" errors="0">
  <testcase name="m2" time="0.018" classname="com.santosh.JenkinsMavenProj.TestClass1"/>
</testsuite> <!-- com.santosh.JenkinsMavenProj.TestClass1 -->
